<?xml version="1.0" encoding="UTF-8"?>
<!-- Generated by org.testng.reporters.JUnitReportReporter -->
<testsuite hostname="DESKTOP-6LCO0GB" failures="0" tests="3" name="com.crm.qa.testcases.HomePageTest" time="37.499" errors="0" timestamp="2023-08-18T12:15:14 EDT" skipped="0">
  <testcase classname="com.crm.qa.testcases.HomePageTest" name="verfiyHomePageTitleTest" time="12.155"/>
  <testcase classname="com.crm.qa.testcases.HomePageTest" name="verifyUserNameTest" time="12.667"/>
  <testcase classname="com.crm.qa.testcases.HomePageTest" name="verifyContactsLinkTest" time="12.677"/>
</testsuite> <!-- com.crm.qa.testcases.HomePageTest -->
