<?xml version="1.0" encoding="UTF-8"?>
<!-- Generated by org.testng.reporters.JUnitReportReporter -->
<testsuite hostname="DESKTOP-6LCO0GB" failures="0" tests="3" name="com.crm.qa.testcases.LoginPageTest" time="24.183" errors="0" timestamp="2023-08-18T12:15:13 EDT" skipped="0">
  <testcase classname="com.crm.qa.testcases.LoginPageTest" name="loginPageTitleTest" time="6.973"/>
  <testcase classname="com.crm.qa.testcases.LoginPageTest" name="crmLogoImageTest" time="6.487"/>
  <testcase classname="com.crm.qa.testcases.LoginPageTest" name="loginTest" time="10.723"/>
</testsuite> <!-- com.crm.qa.testcases.LoginPageTest -->
