<?xml version="1.0" encoding="UTF-8"?>
<!-- Generated by org.testng.reporters.JUnitReportReporter -->
<testsuite hostname="DESKTOP-6LCO0GB" failures="0" tests="2" name="test.Testing2" time="0.006" errors="0" timestamp="2023-07-12T14:01:55 EDT" skipped="0">
  <testcase classname="test.Testing2" name="test3" time="0.002"/>
  <testcase classname="test.Testing2" name="test4" time="0.004"/>
</testsuite> <!-- test.Testing2 -->
