<?xml version="1.0" encoding="UTF-8"?>
<!-- Generated by org.testng.reporters.JUnitReportReporter -->
<testsuite hostname="DESKTOP-6LCO0GB" failures="0" tests="3" name="com.crm.qa.testcases.HomePageTest" time="40.362" errors="0" timestamp="2023-08-24T16:24:16 EDT" skipped="0">
  <testcase classname="com.crm.qa.testcases.HomePageTest" name="verfiyHomePageTitleTest" time="12.207"/>
  <testcase classname="com.crm.qa.testcases.HomePageTest" name="verifyUserNameTest" time="13.998"/>
  <testcase classname="com.crm.qa.testcases.HomePageTest" name="verifyContactsLinkTest" time="14.157"/>
</testsuite> <!-- com.crm.qa.testcases.HomePageTest -->
